<?xml version="1.0" encoding="UTF-8"?>
<!-- Generated by org.testng.reporters.JUnitXMLReporter -->
<testsuite ignored="0" hostname="Roy" failures="0" tests="2" name="Default test" time="2.698" errors="0" timestamp="2023-03-29T16:25:11 IST">
  <testcase classname="Practice_Package.UsingExcelUtilityAndDataProvider4GetData" name="getData" time="0.009"/>
  <testcase classname="Practice_Package.UsingExcelUtilityAndDataProvider4GetData" name="getData" time="0.002"/>
</testsuite> <!-- Default test -->
