<?xml version="1.0" encoding="UTF-8"?>
<!-- Generated by org.testng.reporters.JUnitXMLReporter -->
<testsuite ignored="6" hostname="Roy" failures="0" tests="4" name="ChromeTest" time="91.591" errors="0" timestamp="2023-03-28T14:35:52 IST">
  <testcase classname="Customer.CreateCustomerByUser" name="CrCustByUser" time="18.993"/>
  <testcase classname="Customer.CreateCustomerByAdmin" name="CrCustByAdmin" time="16.088"/>
  <testcase classname="Product.AddAndVerifyProduct" name="AddAndVerifyProd" time="6.087"/>
  <testcase classname="Transaction.CreateTransactionByUser" name="CreateTransactionByUser" time="6.506"/>
  <testcase classname="com.GenericUtilities.BaseClass" name="@BeforeSuite configBeforeSuite" time="0.0">
    <ignored/>
  </testcase> <!-- @BeforeSuite configBeforeSuite -->
  <testcase classname="com.GenericUtilities.BaseClass" name="@BeforeSuite configBeforeSuite" time="0.0">
    <ignored/>
  </testcase> <!-- @BeforeSuite configBeforeSuite -->
  <testcase classname="com.GenericUtilities.BaseClass" name="@BeforeSuite configBeforeSuite" time="0.0">
    <ignored/>
  </testcase> <!-- @BeforeSuite configBeforeSuite -->
  <testcase classname="com.GenericUtilities.BaseClass" name="@AfterSuite configAfterSuite" time="0.0">
    <ignored/>
  </testcase> <!-- @AfterSuite configAfterSuite -->
  <testcase classname="com.GenericUtilities.BaseClass" name="@AfterSuite configAfterSuite" time="0.0">
    <ignored/>
  </testcase> <!-- @AfterSuite configAfterSuite -->
  <testcase classname="com.GenericUtilities.BaseClass" name="@AfterSuite configAfterSuite" time="0.0">
    <ignored/>
  </testcase> <!-- @AfterSuite configAfterSuite -->
</testsuite> <!-- ChromeTest -->
