<?xml version="1.0" encoding="UTF-8"?>
<!-- Generated by org.testng.reporters.JUnitXMLReporter -->
<testsuite ignored="1" hostname="Roy" failures="0" tests="2" name="Test1" time="52.74" errors="0" timestamp="2023-04-06T16:47:14 IST">
  <testcase classname="Customer.CreateCustomerByAdmin" name="CrCustByAdmin" time="18.49"/>
  <testcase classname="Transaction.GenerateInvoiceByUser" name="GenInvoiceByUser" time="11.022"/>
  <testcase classname="Product.AddAndVerifyProduct" name="AddAndVerifyProd" time="0.0">
    <ignored/>
  </testcase> <!-- AddAndVerifyProd -->
</testsuite> <!-- Test1 -->
