<?xml version="1.0" encoding="UTF-8"?>
<!-- Generated by org.testng.reporters.JUnitXMLReporter -->
<testsuite ignored="0" hostname="Roy" failures="0" tests="15" name="Thread Test" time="0.199" errors="0" timestamp="2023-03-29T14:35:50 IST">
  <testcase classname="Practice_Package.ThreadCountEx1" name="thread1" time="0.013"/>
  <testcase classname="Practice_Package.ThreadCountEx1" name="thread2" time="0.002"/>
  <testcase classname="Practice_Package.ThreadCountEx1" name="thread3" time="0.004"/>
  <testcase classname="Practice_Package.ThreadCountEx1" name="thread4" time="0.003"/>
  <testcase classname="Practice_Package.ThreadCountEx1" name="thread5" time="0.002"/>
  <testcase classname="Practice_Package.ThreadCountEx2" name="thread1" time="0.002"/>
  <testcase classname="Practice_Package.ThreadCountEx2" name="thread2" time="0.002"/>
  <testcase classname="Practice_Package.ThreadCountEx2" name="thread3" time="0.005"/>
  <testcase classname="Practice_Package.ThreadCountEx2" name="thread4" time="0.002"/>
  <testcase classname="Practice_Package.ThreadCountEx2" name="thread5" time="0.002"/>
  <testcase classname="Practice_Package.ThreadCountEx3" name="thread1" time="0.002"/>
  <testcase classname="Practice_Package.ThreadCountEx3" name="thread2" time="0.001"/>
  <testcase classname="Practice_Package.ThreadCountEx3" name="thread3" time="0.001"/>
  <testcase classname="Practice_Package.ThreadCountEx3" name="thread4" time="0.006"/>
  <testcase classname="Practice_Package.ThreadCountEx3" name="thread5" time="0.002"/>
</testsuite> <!-- Thread Test -->
