<?xml version="1.0" encoding="UTF-8"?>
<testng-results ignored="0" total="2" passed="2" failed="0" skipped="0">
  <reporter-output>
  </reporter-output>
  <suite started-at="2023-03-29T16:25:08 IST" name="Default suite" finished-at="2023-03-29T16:25:10 IST" duration-ms="2698">
    <groups>
    </groups>
    <test started-at="2023-03-29T16:25:08 IST" name="Default test" finished-at="2023-03-29T16:25:10 IST" duration-ms="2698">
      <class name="Practice_Package.UsingExcelUtilityAndDataProvider4GetData">
        <test-method signature="getData(java.lang.String,java.lang.String)[pri:0, instance:Practice_Package.UsingExcelUtilityAndDataProvider4GetData@446293d]" started-at="2023-03-29T16:25:10 IST" name="getData" data-provider="data4" finished-at="2023-03-29T16:25:10 IST" duration-ms="9" status="PASS">
          <params>
            <param index="0">
              <value>
                <![CDATA[Qspider]]>
              </value>
            </param>
            <param index="1">
              <value>
                <![CDATA[Bengaluru]]>
              </value>
            </param>
          </params>
          <reporter-output>
          </reporter-output>
        </test-method> <!-- getData -->
        <test-method signature="getData(java.lang.String,java.lang.String)[pri:0, instance:Practice_Package.UsingExcelUtilityAndDataProvider4GetData@446293d]" started-at="2023-03-29T16:25:10 IST" name="getData" data-provider="data4" finished-at="2023-03-29T16:25:10 IST" duration-ms="2" status="PASS">
          <params>
            <param index="0">
              <value>
                <![CDATA[jspider]]>
              </value>
            </param>
            <param index="1">
              <value>
                <![CDATA[btm]]>
              </value>
            </param>
          </params>
          <reporter-output>
          </reporter-output>
        </test-method> <!-- getData -->
      </class> <!-- Practice_Package.UsingExcelUtilityAndDataProvider4GetData -->
    </test> <!-- Default test -->
  </suite> <!-- Default suite -->
</testng-results>
